[debug] [2023-02-15T05:36:47.665Z] ----------------------------------------------------------------------
[debug] [2023-02-15T05:36:47.666Z] Command:       /Users/user/.nvm/versions/node/v16.19.0/bin/node /opt/homebrew/bin/firebase emulators:start --only functions
[debug] [2023-02-15T05:36:47.666Z] CLI Version:   11.16.1
[debug] [2023-02-15T05:36:47.666Z] Platform:      darwin
[debug] [2023-02-15T05:36:47.666Z] Node Version:  v16.19.0
[debug] [2023-02-15T05:36:47.669Z] Time:          Wed Feb 15 2023 06:36:47 GMT+0100 (West Africa Standard Time)
[debug] [2023-02-15T05:36:47.669Z] ----------------------------------------------------------------------
[debug] 
[debug] [2023-02-15T05:36:47.670Z] >>> [apiv2][query] GET https://firebase-public.firebaseio.com/cli.json [none]
[debug] [2023-02-15T05:36:47.711Z] > command requires scopes: ["email","openid","https://www.googleapis.com/auth/cloudplatformprojects.readonly","https://www.googleapis.com/auth/firebase","https://www.googleapis.com/auth/cloud-platform"]
[debug] [2023-02-15T05:36:47.711Z] > authorizing via signed-in user (kayodematthew56@gmail.com)
[info] i  emulators: Starting emulators: functions {"metadata":{"emulator":{"name":"hub"},"message":"Starting emulators: functions"}}
[debug] [2023-02-15T05:36:47.845Z] [logging] Logging Emulator only supports listening on one address (127.0.0.1). Not listening on ::1
[debug] [2023-02-15T05:36:47.846Z] assigned listening specs for emulators {"user":{"hub":[{"address":"127.0.0.1","family":"IPv4","port":4400},{"address":"::1","family":"IPv6","port":4400}],"ui":[{"address":"127.0.0.1","family":"IPv4","port":4000},{"address":"::1","family":"IPv6","port":4000}],"logging":[{"address":"127.0.0.1","family":"IPv4","port":4500}]},"metadata":{"message":"assigned listening specs for emulators"}}
[debug] [2023-02-15T05:36:47.851Z] [hub] writing locator at /var/folders/gj/82kxz4yx12j68qlxwk9_f3yw0000gn/T/hub-payfam-f5534.json
[debug] [2023-02-15T05:36:47.946Z] [functions] Functions Emulator only supports listening on one address (127.0.0.1). Not listening on ::1
[debug] [2023-02-15T05:36:47.947Z] [eventarc] Eventarc Emulator only supports listening on one address (127.0.0.1). Not listening on ::1
[debug] [2023-02-15T05:36:47.947Z] late-assigned ports for functions and eventarc emulators {"user":{"hub":[{"address":"127.0.0.1","family":"IPv4","port":4400},{"address":"::1","family":"IPv6","port":4400}],"ui":[{"address":"127.0.0.1","family":"IPv4","port":4000},{"address":"::1","family":"IPv6","port":4000}],"logging":[{"address":"127.0.0.1","family":"IPv4","port":4500}],"functions":[{"address":"127.0.0.1","family":"IPv4","port":5001}],"eventarc":[{"address":"127.0.0.1","family":"IPv4","port":9299}]},"metadata":{"message":"late-assigned ports for functions and eventarc emulators"}}
[warn] ⚠  functions: The following emulators are not running, calls to these services from the Functions emulator will affect production: auth, firestore, database, hosting, pubsub, storage {"metadata":{"emulator":{"name":"functions"},"message":"The following emulators are not running, calls to these services from the Functions emulator will affect production: \u001b[1mauth, firestore, database, hosting, pubsub, storage\u001b[22m"}}
[info] ✔  functions: Using node@16 from host. {"metadata":{"emulator":{"name":"functions"},"message":"Using node@16 from host."}}
[debug] [2023-02-15T05:36:47.953Z] defaultcredentials: writing to file /Users/user/.config/firebase/kayodematthew56_gmail_com_application_default_credentials.json
[debug] [2023-02-15T05:36:47.955Z] Setting GAC to /Users/user/.config/firebase/kayodematthew56_gmail_com_application_default_credentials.json {"metadata":{"emulator":{"name":"functions"},"message":"Setting GAC to /Users/user/.config/firebase/kayodematthew56_gmail_com_application_default_credentials.json"}}
[debug] [2023-02-15T05:36:47.955Z] > refreshing access token with scopes: []
[debug] [2023-02-15T05:36:47.956Z] >>> [apiv2][query] POST https://www.googleapis.com/oauth2/v3/token [none]
[debug] [2023-02-15T05:36:47.956Z] >>> [apiv2][body] POST https://www.googleapis.com/oauth2/v3/token [omitted]
[debug] [2023-02-15T05:36:48.424Z] <<< [apiv2][status] POST https://www.googleapis.com/oauth2/v3/token 200
[debug] [2023-02-15T05:36:48.424Z] <<< [apiv2][body] POST https://www.googleapis.com/oauth2/v3/token [omitted]
[debug] [2023-02-15T05:36:48.438Z] >>> [apiv2][query] GET https://firebase.googleapis.com/v1beta1/projects/payfam-f5534/adminSdkConfig [none]
[debug] [2023-02-15T05:36:48.460Z] <<< [apiv2][status] GET https://firebase-public.firebaseio.com/cli.json 200
[debug] [2023-02-15T05:36:48.460Z] <<< [apiv2][body] GET https://firebase-public.firebaseio.com/cli.json {"cloudBuildErrorAfter":1594252800000,"cloudBuildWarnAfter":1590019200000,"defaultNode10After":1594252800000,"minVersion":"3.0.5","node8DeploysDisabledAfter":1613390400000,"node8RuntimeDisabledAfter":1615809600000,"node8WarnAfter":1600128000000}
[debug] [2023-02-15T05:36:48.997Z] <<< [apiv2][status] GET https://firebase.googleapis.com/v1beta1/projects/payfam-f5534/adminSdkConfig 200
[debug] [2023-02-15T05:36:48.997Z] <<< [apiv2][body] GET https://firebase.googleapis.com/v1beta1/projects/payfam-f5534/adminSdkConfig {"projectId":"payfam-f5534","storageBucket":"payfam-f5534.appspot.com","locationId":"us-central"}
[debug] [2023-02-15T05:36:49.014Z] Ignoring unsupported arg: auto_download {"metadata":{"emulator":{"name":"ui"},"message":"Ignoring unsupported arg: auto_download"}}
[debug] [2023-02-15T05:36:49.014Z] Ignoring unsupported arg: port {"metadata":{"emulator":{"name":"ui"},"message":"Ignoring unsupported arg: port"}}
[debug] [2023-02-15T05:36:49.014Z] Starting Emulator UI with command {"binary":"node","args":["/Users/user/.cache/firebase/emulators/ui-v1.11.1/server/server.js"],"optionalArgs":[],"joinArgs":false} {"metadata":{"emulator":{"name":"ui"},"message":"Starting Emulator UI with command {\"binary\":\"node\",\"args\":[\"/Users/user/.cache/firebase/emulators/ui-v1.11.1/server/server.js\"],\"optionalArgs\":[],\"joinArgs\":false}"}}
[info] i  ui: Emulator UI logging to ui-debug.log {"metadata":{"emulator":{"name":"ui"},"message":"Emulator UI logging to \u001b[1mui-debug.log\u001b[22m"}}
[debug] [2023-02-15T05:36:49.088Z] Web / API server started at 127.0.0.1:4000
 {"metadata":{"emulator":{"name":"ui"},"message":"Web / API server started at 127.0.0.1:4000\n"}}
[debug] [2023-02-15T05:36:49.088Z] Web / API server started at ::1:4000
 {"metadata":{"emulator":{"name":"ui"},"message":"Web / API server started at ::1:4000\n"}}
[info] i  functions: Watching "/Users/user/Desktop/work/payfam-webapp/functions" for Cloud Functions... {"metadata":{"emulator":{"name":"functions"},"message":"Watching \"/Users/user/Desktop/work/payfam-webapp/functions\" for Cloud Functions..."}}
[debug] [2023-02-15T05:36:49.274Z] Validating nodejs source
[warn] ⚠  functions: package.json indicates an outdated version of firebase-functions. Please upgrade using npm install --save firebase-functions@latest in your functions directory. 
[warn] ⚠  functions: Please note that there will be breaking changes when you upgrade. 
[debug] [2023-02-15T05:36:50.231Z] > [functions] package.json contents: {
  "name": "functions",
  "scripts": {
    "build": "tsc",
    "build:watch": "tsc --watch",
    "serve": "npm run build && firebase emulators:start --only functions",
    "shell": "npm run build && firebase functions:shell",
    "start": "npm run shell",
    "deploy": "firebase deploy --only functions",
    "logs": "firebase functions:log"
  },
  "engines": {
    "node": "16"
  },
  "main": "lib/index.js",
  "dependencies": {
    "@nestjs/axios": "^2.0.0",
    "@nestjs/common": "^9.3.7",
    "@nestjs/config": "^2.3.1",
    "@nestjs/core": "^9.3.7",
    "@nestjs/platform-express": "^9.3.7",
    "@nestjs/swagger": "^6.2.1",
    "axios": "^1.3.2",
    "class-transformer": "^0.5.1",
    "class-validator": "^0.14.0",
    "cors": "^2.8.5",
    "dotenv": "^16.0.3",
    "express": "^4.18.2",
    "firebase-admin": "^10.2.0",
    "firebase-functions": "^3.21.0",
    "node-fetch": "^3.3.0",
    "reflect-metadata": "^0.1.13",
    "rxjs": "^7.8.0"
  },
  "devDependencies": {
    "typescript": "^4.6.4"
  },
  "private": true
}
[debug] [2023-02-15T05:36:50.231Z] Building nodejs source
[debug] [2023-02-15T05:36:50.231Z] Analyzing nodejs backend spec
[debug] [2023-02-15T05:36:50.233Z] Could not find functions.yaml. Must use http discovery
[debug] [2023-02-15T05:36:50.366Z] Serving at port 9005

[debug] [2023-02-15T05:36:50.659Z] [Nest] 16536  - 02/15/2023, 5:36:50 AM     LOG [NestFactory] Starting Nest application...

[debug] [2023-02-15T05:36:50.662Z] Got response from /__/functions.yaml {"endpoints":{"api":{"platform":"gcfv1","httpsTrigger":{},"entryPoint":"api"}},"specVersion":"v1alpha1","requiredAPIs":[]}
[debug] [2023-02-15T05:36:50.666Z] [Nest] 16536  - 02/15/2023, 5:36:50 AM     LOG [InstanceLoader] AppModule dependencies initialized +7ms

[debug] [2023-02-15T05:36:50.666Z] [Nest] 16536  - 02/15/2023, 5:36:50 AM     LOG [InstanceLoader] HttpModule dependencies initialized +0ms
[Nest] 16536  - 02/15/2023, 5:36:50 AM     LOG [InstanceLoader] ConfigHostModule dependencies initialized +0ms
[Nest] 16536  - 02/15/2023, 5:36:50 AM     LOG [InstanceLoader] ConfigModule dependencies initialized +0ms

[debug] [2023-02-15T05:36:50.666Z] [Nest] 16536  - 02/15/2023, 5:36:50 AM     LOG [InstanceLoader] SmsModule dependencies initialized +0ms

[debug] [2023-02-15T05:36:50.681Z] [Nest] 16536  - 02/15/2023, 5:36:50 AM     LOG [RoutesResolver] SmsController {/sms}: +15ms

[debug] [2023-02-15T05:36:50.682Z] [Nest] 16536  - 02/15/2023, 5:36:50 AM     LOG [RouterExplorer] Mapped {/sms/send, POST} route +1ms

[debug] [2023-02-15T05:36:50.682Z] [Nest] 16536  - 02/15/2023, 5:36:50 AM     LOG [RouterExplorer] Mapped {/sms/send-many, POST} route +0ms

[debug] [2023-02-15T05:36:50.683Z] [Nest] 16536  - 02/15/2023, 5:36:50 AM     LOG [NestApplication] Nest application successfully started +1ms

[debug] [2023-02-15T05:36:50.683Z] Nest js is ready

[debug] [2023-02-15T05:36:50.685Z] shutdown requested via /__/quitquitquit

[info] ✔  functions: Loaded functions definitions from source: api. {"metadata":{"emulator":{"name":"functions"},"message":"Loaded functions definitions from source: api."}}
[info] ✔  functions[us-central1-api]: http function initialized (http://127.0.0.1:5001/payfam-f5534/us-central1/api). {"metadata":{"emulator":{"name":"functions"},"message":"\u001b[1mhttp\u001b[22m function initialized (http://127.0.0.1:5001/payfam-f5534/us-central1/api)."}}
[info] 
┌─────────────────────────────────────────────────────────────┐
│ ✔  All emulators ready! It is now safe to connect your app. │
│ i  View Emulator UI at http://127.0.0.1:4000/               │
└─────────────────────────────────────────────────────────────┘

┌───────────┬────────────────┬─────────────────────────────────┐
│ Emulator  │ Host:Port      │ View in Emulator UI             │
├───────────┼────────────────┼─────────────────────────────────┤
│ Functions │ 127.0.0.1:5001 │ http://127.0.0.1:4000/functions │
└───────────┴────────────────┴─────────────────────────────────┘
  Emulator Hub running at 127.0.0.1:4400
  Other reserved ports: 4500

Issues? Report them at https://github.com/firebase/firebase-tools/issues and attach the *-debug.log files.
 
